CRITICAL - 2025-04-23 09:34:28 --> ParseError: syntax error, unexpected token "endif", expecting end of file
[Method: GET, Route: /]
in APPPATH\Views\front-end\components\navbar.php on line 23.
 1 SYSTEMPATH\View\View.php(234): include()
 2 SYSTEMPATH\View\View.php(237): CodeIgniter\View\View->CodeIgniter\View\{closure}()
 3 SYSTEMPATH\Common.php(1171): CodeIgniter\View\View->render('front-end/main', [], true)
 4 APPPATH\Controllers\Home.php(16): view('front-end/main', [...])
 5 SYSTEMPATH\CodeIgniter.php(933): App\Controllers\Home->index()
 6 SYSTEMPATH\CodeIgniter.php(509): CodeIgniter\CodeIgniter->runController(Object(App\Controllers\Home))
 7 SYSTEMPATH\CodeIgniter.php(355): CodeIgniter\CodeIgniter->handleRequest(null, Object(Config\Cache), false)
 8 SYSTEMPATH\Boot.php(325): CodeIgniter\CodeIgniter->run()
 9 SYSTEMPATH\Boot.php(67): CodeIgniter\Boot::runCodeIgniter(Object(CodeIgniter\CodeIgniter))
10 FCPATH\index.php(56): CodeIgniter\Boot::bootWeb(Object(Config\Paths))
11 ROOTPATH\index.php(2): require_once('D:\\x1\\htdocs\\vi-cms\\public\\index.php')
CRITICAL - 2025-04-23 09:34:33 --> ParseError: syntax error, unexpected token "endif", expecting end of file
[Method: GET, Route: /]
in APPPATH\Views\front-end\components\navbar.php on line 23.
 1 SYSTEMPATH\View\View.php(234): include()
 2 SYSTEMPATH\View\View.php(237): CodeIgniter\View\View->CodeIgniter\View\{closure}()
 3 SYSTEMPATH\Common.php(1171): CodeIgniter\View\View->render('front-end/main', [], true)
 4 APPPATH\Controllers\Home.php(16): view('front-end/main', [...])
 5 SYSTEMPATH\CodeIgniter.php(933): App\Controllers\Home->index()
 6 SYSTEMPATH\CodeIgniter.php(509): CodeIgniter\CodeIgniter->runController(Object(App\Controllers\Home))
 7 SYSTEMPATH\CodeIgniter.php(355): CodeIgniter\CodeIgniter->handleRequest(null, Object(Config\Cache), false)
 8 SYSTEMPATH\Boot.php(325): CodeIgniter\CodeIgniter->run()
 9 SYSTEMPATH\Boot.php(67): CodeIgniter\Boot::runCodeIgniter(Object(CodeIgniter\CodeIgniter))
10 FCPATH\index.php(56): CodeIgniter\Boot::bootWeb(Object(Config\Paths))
11 ROOTPATH\index.php(2): require_once('D:\\x1\\htdocs\\vi-cms\\public\\index.php')
CRITICAL - 2025-04-23 09:36:28 --> Error: Class "App\Models\CartModel" not found
[Method: POST, Route: user/doLogin]
in APPPATH\Models\UserModel.php on line 188.
 1 APPPATH\Controllers\UserController.php(114): App\Models\UserModel->loginAuth('greenworldspecialist@gmail.com', '123456')
 2 SYSTEMPATH\CodeIgniter.php(933): App\Controllers\UserController->doLogin()
 3 SYSTEMPATH\CodeIgniter.php(509): CodeIgniter\CodeIgniter->runController(Object(App\Controllers\UserController))
 4 SYSTEMPATH\CodeIgniter.php(355): CodeIgniter\CodeIgniter->handleRequest(null, Object(Config\Cache), false)
 5 SYSTEMPATH\Boot.php(325): CodeIgniter\CodeIgniter->run()
 6 SYSTEMPATH\Boot.php(67): CodeIgniter\Boot::runCodeIgniter(Object(CodeIgniter\CodeIgniter))
 7 FCPATH\index.php(56): CodeIgniter\Boot::bootWeb(Object(Config\Paths))
 8 ROOTPATH\index.php(2): require_once('D:\\x1\\htdocs\\vi-cms\\public\\index.php')
CRITICAL - 2025-04-23 09:38:10 --> ParseError: syntax error, unexpected token "."
[Method: POST, Route: user/doLogin]
in APPPATH\Models\UserModel.php on line 186.
 1 SYSTEMPATH\Autoloader\Autoloader.php(296): CodeIgniter\Autoloader\Autoloader->includeFile('D:\\x1\\htdocs\\vi-cms\\app\\Models\\UserModel.php')
 2 SYSTEMPATH\Autoloader\Autoloader.php(272): CodeIgniter\Autoloader\Autoloader->loadInNamespace('App\\Models\\UserModel')
 3 APPPATH\Controllers\UserController.php(98): CodeIgniter\Autoloader\Autoloader->loadClass('App\\Models\\UserModel')
 4 SYSTEMPATH\CodeIgniter.php(933): App\Controllers\UserController->doLogin()
 5 SYSTEMPATH\CodeIgniter.php(509): CodeIgniter\CodeIgniter->runController(Object(App\Controllers\UserController))
 6 SYSTEMPATH\CodeIgniter.php(355): CodeIgniter\CodeIgniter->handleRequest(null, Object(Config\Cache), false)
 7 SYSTEMPATH\Boot.php(325): CodeIgniter\CodeIgniter->run()
 8 SYSTEMPATH\Boot.php(67): CodeIgniter\Boot::runCodeIgniter(Object(CodeIgniter\CodeIgniter))
 9 FCPATH\index.php(56): CodeIgniter\Boot::bootWeb(Object(Config\Paths))
10 ROOTPATH\index.php(2): require_once('D:\\x1\\htdocs\\vi-cms\\public\\index.php')
CRITICAL - 2025-04-23 09:38:13 --> ParseError: syntax error, unexpected token "."
[Method: GET, Route: user/login]
in APPPATH\Models\UserModel.php on line 186.
 1 SYSTEMPATH\Autoloader\Autoloader.php(296): CodeIgniter\Autoloader\Autoloader->includeFile('D:\\x1\\htdocs\\vi-cms\\app\\Models\\UserModel.php')
 2 SYSTEMPATH\Autoloader\Autoloader.php(272): CodeIgniter\Autoloader\Autoloader->loadInNamespace('App\\Models\\UserModel')
 3 APPPATH\Controllers\UserController.php(62): CodeIgniter\Autoloader\Autoloader->loadClass('App\\Models\\UserModel')
 4 SYSTEMPATH\CodeIgniter.php(933): App\Controllers\UserController->login()
 5 SYSTEMPATH\CodeIgniter.php(509): CodeIgniter\CodeIgniter->runController(Object(App\Controllers\UserController))
 6 SYSTEMPATH\CodeIgniter.php(355): CodeIgniter\CodeIgniter->handleRequest(null, Object(Config\Cache), false)
 7 SYSTEMPATH\Boot.php(325): CodeIgniter\CodeIgniter->run()
 8 SYSTEMPATH\Boot.php(67): CodeIgniter\Boot::runCodeIgniter(Object(CodeIgniter\CodeIgniter))
 9 FCPATH\index.php(56): CodeIgniter\Boot::bootWeb(Object(Config\Paths))
10 ROOTPATH\index.php(2): require_once('D:\\x1\\htdocs\\vi-cms\\public\\index.php')
CRITICAL - 2025-04-23 09:38:14 --> ParseError: syntax error, unexpected token "."
[Method: GET, Route: user/login]
in APPPATH\Models\UserModel.php on line 186.
 1 SYSTEMPATH\Autoloader\Autoloader.php(296): CodeIgniter\Autoloader\Autoloader->includeFile('D:\\x1\\htdocs\\vi-cms\\app\\Models\\UserModel.php')
 2 SYSTEMPATH\Autoloader\Autoloader.php(272): CodeIgniter\Autoloader\Autoloader->loadInNamespace('App\\Models\\UserModel')
 3 APPPATH\Controllers\UserController.php(62): CodeIgniter\Autoloader\Autoloader->loadClass('App\\Models\\UserModel')
 4 SYSTEMPATH\CodeIgniter.php(933): App\Controllers\UserController->login()
 5 SYSTEMPATH\CodeIgniter.php(509): CodeIgniter\CodeIgniter->runController(Object(App\Controllers\UserController))
 6 SYSTEMPATH\CodeIgniter.php(355): CodeIgniter\CodeIgniter->handleRequest(null, Object(Config\Cache), false)
 7 SYSTEMPATH\Boot.php(325): CodeIgniter\CodeIgniter->run()
 8 SYSTEMPATH\Boot.php(67): CodeIgniter\Boot::runCodeIgniter(Object(CodeIgniter\CodeIgniter))
 9 FCPATH\index.php(56): CodeIgniter\Boot::bootWeb(Object(Config\Paths))
10 ROOTPATH\index.php(2): require_once('D:\\x1\\htdocs\\vi-cms\\public\\index.php')
CRITICAL - 2025-04-23 09:41:47 --> Error: Class "App\Models\CartModel" not found
[Method: POST, Route: admin/user/doLogin]
in APPPATH\Models\AdminUserModel.php on line 202.
 1 APPPATH\Controllers\AdminUserController.php(82): App\Models\AdminUserModel->loginAuth('admin@gmail.com', '123456')
 2 SYSTEMPATH\CodeIgniter.php(933): App\Controllers\AdminUserController->doLogin()
 3 SYSTEMPATH\CodeIgniter.php(509): CodeIgniter\CodeIgniter->runController(Object(App\Controllers\AdminUserController))
 4 SYSTEMPATH\CodeIgniter.php(355): CodeIgniter\CodeIgniter->handleRequest(null, Object(Config\Cache), false)
 5 SYSTEMPATH\Boot.php(325): CodeIgniter\CodeIgniter->run()
 6 SYSTEMPATH\Boot.php(67): CodeIgniter\Boot::runCodeIgniter(Object(CodeIgniter\CodeIgniter))
 7 FCPATH\index.php(56): CodeIgniter\Boot::bootWeb(Object(Config\Paths))
 8 ROOTPATH\index.php(2): require_once('D:\\x1\\htdocs\\vi-cms\\public\\index.php')
CRITICAL - 2025-04-23 09:42:16 --> ParseError: syntax error, unexpected token "endif", expecting end of file
[Method: GET, Route: admin/dashboard]
in APPPATH\Views\back-end\components\sidebar.php on line 33.
 1 SYSTEMPATH\View\View.php(234): include()
 2 SYSTEMPATH\View\View.php(237): CodeIgniter\View\View->CodeIgniter\View\{closure}()
 3 SYSTEMPATH\Common.php(1171): CodeIgniter\View\View->render('back-end/main', [], true)
 4 APPPATH\Controllers\AdminDashboardController.php(18): view('back-end/main', [...])
 5 SYSTEMPATH\CodeIgniter.php(933): App\Controllers\AdminDashboardController->index()
 6 SYSTEMPATH\CodeIgniter.php(509): CodeIgniter\CodeIgniter->runController(Object(App\Controllers\AdminDashboardController))
 7 SYSTEMPATH\CodeIgniter.php(355): CodeIgniter\CodeIgniter->handleRequest(null, Object(Config\Cache), false)
 8 SYSTEMPATH\Boot.php(325): CodeIgniter\CodeIgniter->run()
 9 SYSTEMPATH\Boot.php(67): CodeIgniter\Boot::runCodeIgniter(Object(CodeIgniter\CodeIgniter))
10 FCPATH\index.php(56): CodeIgniter\Boot::bootWeb(Object(Config\Paths))
11 ROOTPATH\index.php(2): require_once('D:\\x1\\htdocs\\vi-cms\\public\\index.php')
CRITICAL - 2025-04-23 09:51:30 --> Error: Call to undefined function App\Controllers\addMessage()
[Method: GET, Route: admin/settings]
in APPPATH\Controllers\AdminSettingController.php on line 13.
 1 SYSTEMPATH\CodeIgniter.php(933): App\Controllers\AdminSettingController->index()
 2 SYSTEMPATH\CodeIgniter.php(507): CodeIgniter\CodeIgniter->runController(Object(App\Controllers\AdminSettingController))
 3 SYSTEMPATH\CodeIgniter.php(354): CodeIgniter\CodeIgniter->handleRequest(null, Object(Config\Cache), false)
 4 SYSTEMPATH\Boot.php(334): CodeIgniter\CodeIgniter->run()
 5 SYSTEMPATH\Boot.php(67): CodeIgniter\Boot::runCodeIgniter(Object(CodeIgniter\CodeIgniter))
 6 FCPATH\index.php(56): CodeIgniter\Boot::bootWeb(Object(Config\Paths))
 7 ROOTPATH\index.php(2): require_once('D:\\x1\\htdocs\\vi-cms\\public\\index.php')
CRITICAL - 2025-04-23 09:53:28 --> Error: Call to undefined function App\Controllers\addMessage()
[Method: GET, Route: admin/settings]
in APPPATH\Controllers\AdminSettingController.php on line 13.
 1 SYSTEMPATH\CodeIgniter.php(933): App\Controllers\AdminSettingController->index()
 2 SYSTEMPATH\CodeIgniter.php(507): CodeIgniter\CodeIgniter->runController(Object(App\Controllers\AdminSettingController))
 3 SYSTEMPATH\CodeIgniter.php(354): CodeIgniter\CodeIgniter->handleRequest(null, Object(Config\Cache), false)
 4 SYSTEMPATH\Boot.php(334): CodeIgniter\CodeIgniter->run()
 5 SYSTEMPATH\Boot.php(67): CodeIgniter\Boot::runCodeIgniter(Object(CodeIgniter\CodeIgniter))
 6 FCPATH\index.php(56): CodeIgniter\Boot::bootWeb(Object(Config\Paths))
 7 ROOTPATH\index.php(2): require_once('D:\\x1\\htdocs\\vi-cms\\public\\index.php')
